{
    "/home/oalfredojrdev/Documentos/projetos/finance-dashboard-api/src/controllers/create-transaction.js": {
        "path": "/home/oalfredojrdev/Documentos/projetos/finance-dashboard-api/src/controllers/create-transaction.js",
        "statementMap": {
            "0": {
                "start": { "line": 7, "column": 8 },
                "end": { "line": 62, "column": 9 }
            },
            "1": {
                "start": { "line": 8, "column": 27 },
                "end": { "line": 8, "column": 43 }
            },
            "2": {
                "start": { "line": 10, "column": 35 },
                "end": { "line": 10, "column": 80 }
            },
            "3": {
                "start": { "line": 12, "column": 12 },
                "end": { "line": 20, "column": 13 }
            },
            "4": {
                "start": { "line": 13, "column": 16 },
                "end": { "line": 19, "column": 17 }
            },
            "5": {
                "start": { "line": 18, "column": 20 },
                "end": { "line": 18, "column": 77 }
            },
            "6": {
                "start": { "line": 23, "column": 12 },
                "end": { "line": 25, "column": 13 }
            },
            "7": {
                "start": { "line": 24, "column": 16 },
                "end": { "line": 24, "column": 72 }
            },
            "8": {
                "start": { "line": 28, "column": 12 },
                "end": { "line": 32, "column": 13 }
            },
            "9": {
                "start": { "line": 29, "column": 16 },
                "end": { "line": 31, "column": 18 }
            },
            "10": {
                "start": { "line": 35, "column": 12 },
                "end": { "line": 39, "column": 13 }
            },
            "11": {
                "start": { "line": 36, "column": 16 },
                "end": { "line": 38, "column": 18 }
            },
            "12": {
                "start": { "line": 42, "column": 31 },
                "end": { "line": 42, "column": 67 }
            },
            "13": {
                "start": { "line": 43, "column": 12 },
                "end": { "line": 45, "column": 13 }
            },
            "14": {
                "start": { "line": 44, "column": 16 },
                "end": { "line": 44, "column": 74 }
            },
            "15": {
                "start": { "line": 47, "column": 45 },
                "end": { "line": 47, "column": 75 }
            },
            "16": {
                "start": { "line": 49, "column": 16 },
                "end": { "line": 49, "column": 62 }
            },
            "17": {
                "start": { "line": 51, "column": 12 },
                "end": { "line": 51, "column": 46 }
            },
            "18": {
                "start": { "line": 53, "column": 12 },
                "end": { "line": 53, "column": 32 }
            },
            "19": {
                "start": { "line": 54, "column": 12 },
                "end": { "line": 60, "column": 13 }
            },
            "20": {
                "start": { "line": 59, "column": 16 },
                "end": { "line": 59, "column": 61 }
            },
            "21": {
                "start": { "line": 61, "column": 12 },
                "end": { "line": 61, "column": 32 }
            }
        },
        "fnMap": {
            "0": {
                "name": "(anonymous_0)",
                "decl": {
                    "start": { "line": 6, "column": 4 },
                    "end": { "line": 6, "column": 5 }
                },
                "loc": {
                    "start": { "line": 6, "column": 31 },
                    "end": { "line": 63, "column": 5 }
                },
                "line": 6
            }
        },
        "branchMap": {
            "0": {
                "loc": {
                    "start": { "line": 13, "column": 16 },
                    "end": { "line": 19, "column": 17 }
                },
                "type": "if",
                "locations": [
                    {
                        "start": { "line": 13, "column": 16 },
                        "end": { "line": 19, "column": 17 }
                    },
                    { "start": {}, "end": {} }
                ],
                "line": 13
            },
            "1": {
                "loc": {
                    "start": { "line": 14, "column": 20 },
                    "end": { "line": 16, "column": 58 }
                },
                "type": "binary-expr",
                "locations": [
                    {
                        "start": { "line": 14, "column": 20 },
                        "end": { "line": 14, "column": 34 }
                    },
                    {
                        "start": { "line": 15, "column": 21 },
                        "end": { "line": 15, "column": 54 }
                    },
                    {
                        "start": { "line": 16, "column": 24 },
                        "end": { "line": 16, "column": 57 }
                    }
                ],
                "line": 14
            },
            "2": {
                "loc": {
                    "start": { "line": 23, "column": 12 },
                    "end": { "line": 25, "column": 13 }
                },
                "type": "if",
                "locations": [
                    {
                        "start": { "line": 23, "column": 12 },
                        "end": { "line": 25, "column": 13 }
                    },
                    { "start": {}, "end": {} }
                ],
                "line": 23
            },
            "3": {
                "loc": {
                    "start": { "line": 28, "column": 12 },
                    "end": { "line": 32, "column": 13 }
                },
                "type": "if",
                "locations": [
                    {
                        "start": { "line": 28, "column": 12 },
                        "end": { "line": 32, "column": 13 }
                    },
                    { "start": {}, "end": {} }
                ],
                "line": 28
            },
            "4": {
                "loc": {
                    "start": { "line": 35, "column": 12 },
                    "end": { "line": 39, "column": 13 }
                },
                "type": "if",
                "locations": [
                    {
                        "start": { "line": 35, "column": 12 },
                        "end": { "line": 39, "column": 13 }
                    },
                    { "start": {}, "end": {} }
                ],
                "line": 35
            },
            "5": {
                "loc": {
                    "start": { "line": 35, "column": 16 },
                    "end": { "line": 35, "column": 71 }
                },
                "type": "binary-expr",
                "locations": [
                    {
                        "start": { "line": 35, "column": 16 },
                        "end": { "line": 35, "column": 49 }
                    },
                    {
                        "start": { "line": 35, "column": 53 },
                        "end": { "line": 35, "column": 71 }
                    }
                ],
                "line": 35
            },
            "6": {
                "loc": {
                    "start": { "line": 43, "column": 12 },
                    "end": { "line": 45, "column": 13 }
                },
                "type": "if",
                "locations": [
                    {
                        "start": { "line": 43, "column": 12 },
                        "end": { "line": 45, "column": 13 }
                    },
                    { "start": {}, "end": {} }
                ],
                "line": 43
            },
            "7": {
                "loc": {
                    "start": { "line": 54, "column": 12 },
                    "end": { "line": 60, "column": 13 }
                },
                "type": "if",
                "locations": [
                    {
                        "start": { "line": 54, "column": 12 },
                        "end": { "line": 60, "column": 13 }
                    },
                    { "start": {}, "end": {} }
                ],
                "line": 54
            },
            "8": {
                "loc": {
                    "start": { "line": 55, "column": 16 },
                    "end": { "line": 57, "column": 62 }
                },
                "type": "binary-expr",
                "locations": [
                    {
                        "start": { "line": 55, "column": 16 },
                        "end": { "line": 55, "column": 64 }
                    },
                    {
                        "start": { "line": 56, "column": 16 },
                        "end": { "line": 56, "column": 49 }
                    },
                    {
                        "start": { "line": 57, "column": 16 },
                        "end": { "line": 57, "column": 62 }
                    }
                ],
                "line": 55
            }
        },
        "s": {
            "0": 0,
            "1": 0,
            "2": 0,
            "3": 0,
            "4": 0,
            "5": 0,
            "6": 0,
            "7": 0,
            "8": 0,
            "9": 0,
            "10": 0,
            "11": 0,
            "12": 0,
            "13": 0,
            "14": 0,
            "15": 0,
            "16": 0,
            "17": 0,
            "18": 0,
            "19": 0,
            "20": 0,
            "21": 0
        },
        "f": { "0": 0 },
        "b": {
            "0": [0, 0],
            "1": [0, 0, 0],
            "2": [0, 0],
            "3": [0, 0],
            "4": [0, 0],
            "5": [0, 0],
            "6": [0, 0],
            "7": [0, 0],
            "8": [0, 0, 0]
        }
    },
    "/home/oalfredojrdev/Documentos/projetos/finance-dashboard-api/src/controllers/create-user.js": {
        "path": "/home/oalfredojrdev/Documentos/projetos/finance-dashboard-api/src/controllers/create-user.js",
        "statementMap": {
            "0": {
                "start": { "line": 13, "column": 8 },
                "end": { "line": 54, "column": 9 }
            },
            "1": {
                "start": { "line": 14, "column": 27 },
                "end": { "line": 14, "column": 43 }
            },
            "2": {
                "start": { "line": 16, "column": 35 },
                "end": { "line": 21, "column": 13 }
            },
            "3": {
                "start": { "line": 23, "column": 12 },
                "end": { "line": 27, "column": 13 }
            },
            "4": {
                "start": { "line": 24, "column": 16 },
                "end": { "line": 26, "column": 17 }
            },
            "5": {
                "start": { "line": 25, "column": 20 },
                "end": { "line": 25, "column": 77 }
            },
            "6": {
                "start": { "line": 29, "column": 36 },
                "end": { "line": 29, "column": 63 }
            },
            "7": {
                "start": { "line": 31, "column": 12 },
                "end": { "line": 35, "column": 13 }
            },
            "8": {
                "start": { "line": 32, "column": 16 },
                "end": { "line": 34, "column": 18 }
            },
            "9": {
                "start": { "line": 37, "column": 33 },
                "end": { "line": 37, "column": 64 }
            },
            "10": {
                "start": { "line": 39, "column": 12 },
                "end": { "line": 41, "column": 13 }
            },
            "11": {
                "start": { "line": 40, "column": 16 },
                "end": { "line": 40, "column": 71 }
            },
            "12": {
                "start": { "line": 43, "column": 35 },
                "end": { "line": 43, "column": 55 }
            },
            "13": {
                "start": { "line": 45, "column": 32 },
                "end": { "line": 45, "column": 68 }
            },
            "14": {
                "start": { "line": 47, "column": 12 },
                "end": { "line": 47, "column": 39 }
            },
            "15": {
                "start": { "line": 49, "column": 12 },
                "end": { "line": 51, "column": 13 }
            },
            "16": {
                "start": { "line": 50, "column": 16 },
                "end": { "line": 50, "column": 59 }
            },
            "17": {
                "start": { "line": 52, "column": 12 },
                "end": { "line": 52, "column": 32 }
            },
            "18": {
                "start": { "line": 53, "column": 12 },
                "end": { "line": 53, "column": 32 }
            }
        },
        "fnMap": {
            "0": {
                "name": "(anonymous_0)",
                "decl": {
                    "start": { "line": 12, "column": 4 },
                    "end": { "line": 12, "column": 5 }
                },
                "loc": {
                    "start": { "line": 12, "column": 31 },
                    "end": { "line": 55, "column": 5 }
                },
                "line": 12
            }
        },
        "branchMap": {
            "0": {
                "loc": {
                    "start": { "line": 24, "column": 16 },
                    "end": { "line": 26, "column": 17 }
                },
                "type": "if",
                "locations": [
                    {
                        "start": { "line": 24, "column": 16 },
                        "end": { "line": 26, "column": 17 }
                    },
                    { "start": {}, "end": {} }
                ],
                "line": 24
            },
            "1": {
                "loc": {
                    "start": { "line": 24, "column": 20 },
                    "end": { "line": 24, "column": 71 }
                },
                "type": "binary-expr",
                "locations": [
                    {
                        "start": { "line": 24, "column": 20 },
                        "end": { "line": 24, "column": 34 }
                    },
                    {
                        "start": { "line": 24, "column": 38 },
                        "end": { "line": 24, "column": 71 }
                    }
                ],
                "line": 24
            },
            "2": {
                "loc": {
                    "start": { "line": 31, "column": 12 },
                    "end": { "line": 35, "column": 13 }
                },
                "type": "if",
                "locations": [
                    {
                        "start": { "line": 31, "column": 12 },
                        "end": { "line": 35, "column": 13 }
                    },
                    { "start": {}, "end": {} }
                ],
                "line": 31
            },
            "3": {
                "loc": {
                    "start": { "line": 39, "column": 12 },
                    "end": { "line": 41, "column": 13 }
                },
                "type": "if",
                "locations": [
                    {
                        "start": { "line": 39, "column": 12 },
                        "end": { "line": 41, "column": 13 }
                    },
                    { "start": {}, "end": {} }
                ],
                "line": 39
            },
            "4": {
                "loc": {
                    "start": { "line": 49, "column": 12 },
                    "end": { "line": 51, "column": 13 }
                },
                "type": "if",
                "locations": [
                    {
                        "start": { "line": 49, "column": 12 },
                        "end": { "line": 51, "column": 13 }
                    },
                    { "start": {}, "end": {} }
                ],
                "line": 49
            }
        },
        "s": {
            "0": 9,
            "1": 9,
            "2": 9,
            "3": 9,
            "4": 30,
            "5": 4,
            "6": 5,
            "7": 5,
            "8": 1,
            "9": 4,
            "10": 4,
            "11": 1,
            "12": 3,
            "13": 3,
            "14": 1,
            "15": 2,
            "16": 1,
            "17": 1,
            "18": 1
        },
        "f": { "0": 9 },
        "b": {
            "0": [4, 26],
            "1": [30, 26],
            "2": [1, 4],
            "3": [1, 3],
            "4": [1, 1]
        },
        "_coverageSchema": "1a1c01bbd47fc00a2c39e90264f33305004495a9",
        "hash": "8aca25692aeb8123153ef12ac673549fc295a7ea"
    },
    "/home/oalfredojrdev/Documentos/projetos/finance-dashboard-api/src/controllers/delete-transaction.js": {
        "path": "/home/oalfredojrdev/Documentos/projetos/finance-dashboard-api/src/controllers/delete-transaction.js",
        "statementMap": {
            "0": {
                "start": { "line": 12, "column": 8 },
                "end": { "line": 46, "column": 9 }
            },
            "1": {
                "start": { "line": 13, "column": 38 },
                "end": { "line": 13, "column": 56 }
            },
            "2": {
                "start": { "line": 16, "column": 12 },
                "end": { "line": 18, "column": 13 }
            },
            "3": {
                "start": { "line": 17, "column": 16 },
                "end": { "line": 17, "column": 78 }
            },
            "4": {
                "start": { "line": 20, "column": 45 },
                "end": { "line": 20, "column": 75 }
            },
            "5": {
                "start": { "line": 21, "column": 39 },
                "end": { "line": 24, "column": 13 }
            },
            "6": {
                "start": { "line": 26, "column": 12 },
                "end": { "line": 28, "column": 13 }
            },
            "7": {
                "start": { "line": 27, "column": 16 },
                "end": { "line": 27, "column": 69 }
            },
            "8": {
                "start": { "line": 30, "column": 12 },
                "end": { "line": 33, "column": 14 }
            },
            "9": {
                "start": { "line": 35, "column": 12 },
                "end": { "line": 35, "column": 32 }
            },
            "10": {
                "start": { "line": 36, "column": 12 },
                "end": { "line": 38, "column": 13 }
            },
            "11": {
                "start": { "line": 37, "column": 16 },
                "end": { "line": 37, "column": 59 }
            },
            "12": {
                "start": { "line": 39, "column": 12 },
                "end": { "line": 44, "column": 13 }
            },
            "13": {
                "start": { "line": 40, "column": 16 },
                "end": { "line": 43, "column": 17 }
            },
            "14": {
                "start": { "line": 45, "column": 12 },
                "end": { "line": 45, "column": 32 }
            }
        },
        "fnMap": {
            "0": {
                "name": "(anonymous_0)",
                "decl": {
                    "start": { "line": 11, "column": 4 },
                    "end": { "line": 11, "column": 5 }
                },
                "loc": {
                    "start": { "line": 11, "column": 31 },
                    "end": { "line": 47, "column": 5 }
                },
                "line": 11
            }
        },
        "branchMap": {
            "0": {
                "loc": {
                    "start": { "line": 16, "column": 12 },
                    "end": { "line": 18, "column": 13 }
                },
                "type": "if",
                "locations": [
                    {
                        "start": { "line": 16, "column": 12 },
                        "end": { "line": 18, "column": 13 }
                    },
                    { "start": {}, "end": {} }
                ],
                "line": 16
            },
            "1": {
                "loc": {
                    "start": { "line": 26, "column": 12 },
                    "end": { "line": 28, "column": 13 }
                },
                "type": "if",
                "locations": [
                    {
                        "start": { "line": 26, "column": 12 },
                        "end": { "line": 28, "column": 13 }
                    },
                    { "start": {}, "end": {} }
                ],
                "line": 26
            },
            "2": {
                "loc": {
                    "start": { "line": 36, "column": 12 },
                    "end": { "line": 38, "column": 13 }
                },
                "type": "if",
                "locations": [
                    {
                        "start": { "line": 36, "column": 12 },
                        "end": { "line": 38, "column": 13 }
                    },
                    { "start": {}, "end": {} }
                ],
                "line": 36
            },
            "3": {
                "loc": {
                    "start": { "line": 39, "column": 12 },
                    "end": { "line": 44, "column": 13 }
                },
                "type": "if",
                "locations": [
                    {
                        "start": { "line": 39, "column": 12 },
                        "end": { "line": 44, "column": 13 }
                    },
                    { "start": {}, "end": {} }
                ],
                "line": 39
            }
        },
        "s": {
            "0": 4,
            "1": 4,
            "2": 4,
            "3": 1,
            "4": 3,
            "5": 3,
            "6": 2,
            "7": 1,
            "8": 1,
            "9": 1,
            "10": 1,
            "11": 0,
            "12": 1,
            "13": 1,
            "14": 0
        },
        "f": { "0": 4 },
        "b": { "0": [1, 3], "1": [1, 1], "2": [0, 1], "3": [1, 0] },
        "_coverageSchema": "1a1c01bbd47fc00a2c39e90264f33305004495a9",
        "hash": "1ae719660f9fb6a798b273d4287a3950c02eaccc"
    },
    "/home/oalfredojrdev/Documentos/projetos/finance-dashboard-api/src/controllers/get-dashboard-summary.js": {
        "path": "/home/oalfredojrdev/Documentos/projetos/finance-dashboard-api/src/controllers/get-dashboard-summary.js",
        "statementMap": {
            "0": {
                "start": { "line": 7, "column": 8 },
                "end": { "line": 52, "column": 9 }
            },
            "1": {
                "start": { "line": 8, "column": 31 },
                "end": { "line": 8, "column": 49 }
            },
            "2": {
                "start": { "line": 9, "column": 36 },
                "end": { "line": 9, "column": 53 }
            },
            "3": {
                "start": { "line": 12, "column": 12 },
                "end": { "line": 14, "column": 13 }
            },
            "4": {
                "start": { "line": 13, "column": 16 },
                "end": { "line": 13, "column": 71 }
            },
            "5": {
                "start": { "line": 17, "column": 12 },
                "end": { "line": 22, "column": 13 }
            },
            "6": {
                "start": { "line": 18, "column": 16 },
                "end": { "line": 21, "column": 17 }
            },
            "7": {
                "start": { "line": 25, "column": 28 },
                "end": { "line": 25, "column": 30 }
            },
            "8": {
                "start": { "line": 27, "column": 12 },
                "end": { "line": 40, "column": 13 }
            },
            "9": {
                "start": { "line": 28, "column": 33 },
                "end": { "line": 28, "column": 48 }
            },
            "10": {
                "start": { "line": 29, "column": 32 },
                "end": { "line": 29, "column": 46 }
            },
            "11": {
                "start": { "line": 30, "column": 16 },
                "end": { "line": 37, "column": 17 }
            },
            "12": {
                "start": { "line": 36, "column": 20 },
                "end": { "line": 36, "column": 79 }
            },
            "13": {
                "start": { "line": 38, "column": 16 },
                "end": { "line": 38, "column": 40 }
            },
            "14": {
                "start": { "line": 39, "column": 16 },
                "end": { "line": 39, "column": 38 }
            },
            "15": {
                "start": { "line": 42, "column": 47 },
                "end": { "line": 42, "column": 79 }
            },
            "16": {
                "start": { "line": 43, "column": 28 },
                "end": { "line": 46, "column": 13 }
            },
            "17": {
                "start": { "line": 48, "column": 12 },
                "end": { "line": 48, "column": 30 }
            },
            "18": {
                "start": { "line": 50, "column": 12 },
                "end": { "line": 50, "column": 32 }
            },
            "19": {
                "start": { "line": 51, "column": 12 },
                "end": { "line": 51, "column": 32 }
            }
        },
        "fnMap": {
            "0": {
                "name": "(anonymous_0)",
                "decl": {
                    "start": { "line": 6, "column": 4 },
                    "end": { "line": 6, "column": 5 }
                },
                "loc": {
                    "start": { "line": 6, "column": 31 },
                    "end": { "line": 53, "column": 5 }
                },
                "line": 6
            }
        },
        "branchMap": {
            "0": {
                "loc": {
                    "start": { "line": 12, "column": 12 },
                    "end": { "line": 14, "column": 13 }
                },
                "type": "if",
                "locations": [
                    {
                        "start": { "line": 12, "column": 12 },
                        "end": { "line": 14, "column": 13 }
                    },
                    { "start": {}, "end": {} }
                ],
                "line": 12
            },
            "1": {
                "loc": {
                    "start": { "line": 17, "column": 12 },
                    "end": { "line": 22, "column": 13 }
                },
                "type": "if",
                "locations": [
                    {
                        "start": { "line": 17, "column": 12 },
                        "end": { "line": 22, "column": 13 }
                    },
                    { "start": {}, "end": {} }
                ],
                "line": 17
            },
            "2": {
                "loc": {
                    "start": { "line": 27, "column": 12 },
                    "end": { "line": 40, "column": 13 }
                },
                "type": "if",
                "locations": [
                    {
                        "start": { "line": 27, "column": 12 },
                        "end": { "line": 40, "column": 13 }
                    },
                    { "start": {}, "end": {} }
                ],
                "line": 27
            },
            "3": {
                "loc": {
                    "start": { "line": 27, "column": 16 },
                    "end": { "line": 27, "column": 29 }
                },
                "type": "binary-expr",
                "locations": [
                    {
                        "start": { "line": 27, "column": 16 },
                        "end": { "line": 27, "column": 21 }
                    },
                    {
                        "start": { "line": 27, "column": 25 },
                        "end": { "line": 27, "column": 29 }
                    }
                ],
                "line": 27
            },
            "4": {
                "loc": {
                    "start": { "line": 30, "column": 16 },
                    "end": { "line": 37, "column": 17 }
                },
                "type": "if",
                "locations": [
                    {
                        "start": { "line": 30, "column": 16 },
                        "end": { "line": 37, "column": 17 }
                    },
                    { "start": {}, "end": {} }
                ],
                "line": 30
            },
            "5": {
                "loc": {
                    "start": { "line": 31, "column": 20 },
                    "end": { "line": 34, "column": 34 }
                },
                "type": "binary-expr",
                "locations": [
                    {
                        "start": { "line": 31, "column": 20 },
                        "end": { "line": 31, "column": 32 }
                    },
                    {
                        "start": { "line": 32, "column": 20 },
                        "end": { "line": 32, "column": 33 }
                    },
                    {
                        "start": { "line": 33, "column": 20 },
                        "end": { "line": 33, "column": 34 }
                    },
                    {
                        "start": { "line": 34, "column": 20 },
                        "end": { "line": 34, "column": 34 }
                    }
                ],
                "line": 31
            }
        },
        "s": {
            "0": 5,
            "1": 5,
            "2": 5,
            "3": 5,
            "4": 1,
            "5": 4,
            "6": 1,
            "7": 3,
            "8": 3,
            "9": 2,
            "10": 2,
            "11": 2,
            "12": 1,
            "13": 1,
            "14": 1,
            "15": 2,
            "16": 2,
            "17": 2,
            "18": 0,
            "19": 0
        },
        "f": { "0": 5 },
        "b": {
            "0": [1, 4],
            "1": [1, 3],
            "2": [2, 1],
            "3": [3, 2],
            "4": [1, 1],
            "5": [2, 2, 1, 1]
        },
        "_coverageSchema": "1a1c01bbd47fc00a2c39e90264f33305004495a9",
        "hash": "02ed6084f55d48d37a8d4c34a37ea1b2128172f4"
    },
    "/home/oalfredojrdev/Documentos/projetos/finance-dashboard-api/src/controllers/get-transactions.js": {
        "path": "/home/oalfredojrdev/Documentos/projetos/finance-dashboard-api/src/controllers/get-transactions.js",
        "statementMap": {
            "0": {
                "start": { "line": 7, "column": 8 },
                "end": { "line": 72, "column": 9 }
            },
            "1": {
                "start": { "line": 8, "column": 31 },
                "end": { "line": 8, "column": 49 }
            },
            "2": {
                "start": { "line": 9, "column": 49 },
                "end": { "line": 9, "column": 66 }
            },
            "3": {
                "start": { "line": 12, "column": 12 },
                "end": { "line": 14, "column": 13 }
            },
            "4": {
                "start": { "line": 13, "column": 16 },
                "end": { "line": 13, "column": 71 }
            },
            "5": {
                "start": { "line": 17, "column": 12 },
                "end": { "line": 22, "column": 13 }
            },
            "6": {
                "start": { "line": 18, "column": 16 },
                "end": { "line": 21, "column": 17 }
            },
            "7": {
                "start": { "line": 25, "column": 28 },
                "end": { "line": 25, "column": 30 }
            },
            "8": {
                "start": { "line": 27, "column": 12 },
                "end": { "line": 35, "column": 13 }
            },
            "9": {
                "start": { "line": 28, "column": 35 },
                "end": { "line": 28, "column": 71 }
            },
            "10": {
                "start": { "line": 29, "column": 16 },
                "end": { "line": 33, "column": 17 }
            },
            "11": {
                "start": { "line": 30, "column": 20 },
                "end": { "line": 32, "column": 22 }
            },
            "12": {
                "start": { "line": 34, "column": 16 },
                "end": { "line": 34, "column": 35 }
            },
            "13": {
                "start": { "line": 37, "column": 12 },
                "end": { "line": 50, "column": 13 }
            },
            "14": {
                "start": { "line": 38, "column": 33 },
                "end": { "line": 38, "column": 48 }
            },
            "15": {
                "start": { "line": 39, "column": 32 },
                "end": { "line": 39, "column": 46 }
            },
            "16": {
                "start": { "line": 40, "column": 16 },
                "end": { "line": 47, "column": 17 }
            },
            "17": {
                "start": { "line": 46, "column": 20 },
                "end": { "line": 46, "column": 79 }
            },
            "18": {
                "start": { "line": 48, "column": 16 },
                "end": { "line": 48, "column": 40 }
            },
            "19": {
                "start": { "line": 49, "column": 16 },
                "end": { "line": 49, "column": 38 }
            },
            "20": {
                "start": { "line": 52, "column": 12 },
                "end": { "line": 60, "column": 13 }
            },
            "21": {
                "start": { "line": 53, "column": 33 },
                "end": { "line": 53, "column": 48 }
            },
            "22": {
                "start": { "line": 54, "column": 16 },
                "end": { "line": 58, "column": 17 }
            },
            "23": {
                "start": { "line": 55, "column": 20 },
                "end": { "line": 57, "column": 22 }
            },
            "24": {
                "start": { "line": 59, "column": 16 },
                "end": { "line": 59, "column": 40 }
            },
            "25": {
                "start": { "line": 62, "column": 43 },
                "end": { "line": 62, "column": 71 }
            },
            "26": {
                "start": { "line": 63, "column": 33 },
                "end": { "line": 66, "column": 13 }
            },
            "27": {
                "start": { "line": 68, "column": 12 },
                "end": { "line": 68, "column": 35 }
            },
            "28": {
                "start": { "line": 70, "column": 12 },
                "end": { "line": 70, "column": 32 }
            },
            "29": {
                "start": { "line": 71, "column": 12 },
                "end": { "line": 71, "column": 32 }
            }
        },
        "fnMap": {
            "0": {
                "name": "(anonymous_0)",
                "decl": {
                    "start": { "line": 6, "column": 4 },
                    "end": { "line": 6, "column": 5 }
                },
                "loc": {
                    "start": { "line": 6, "column": 31 },
                    "end": { "line": 73, "column": 5 }
                },
                "line": 6
            }
        },
        "branchMap": {
            "0": {
                "loc": {
                    "start": { "line": 12, "column": 12 },
                    "end": { "line": 14, "column": 13 }
                },
                "type": "if",
                "locations": [
                    {
                        "start": { "line": 12, "column": 12 },
                        "end": { "line": 14, "column": 13 }
                    },
                    { "start": {}, "end": {} }
                ],
                "line": 12
            },
            "1": {
                "loc": {
                    "start": { "line": 17, "column": 12 },
                    "end": { "line": 22, "column": 13 }
                },
                "type": "if",
                "locations": [
                    {
                        "start": { "line": 17, "column": 12 },
                        "end": { "line": 22, "column": 13 }
                    },
                    { "start": {}, "end": {} }
                ],
                "line": 17
            },
            "2": {
                "loc": {
                    "start": { "line": 27, "column": 12 },
                    "end": { "line": 35, "column": 13 }
                },
                "type": "if",
                "locations": [
                    {
                        "start": { "line": 27, "column": 12 },
                        "end": { "line": 35, "column": 13 }
                    },
                    { "start": {}, "end": {} }
                ],
                "line": 27
            },
            "3": {
                "loc": {
                    "start": { "line": 29, "column": 16 },
                    "end": { "line": 33, "column": 17 }
                },
                "type": "if",
                "locations": [
                    {
                        "start": { "line": 29, "column": 16 },
                        "end": { "line": 33, "column": 17 }
                    },
                    { "start": {}, "end": {} }
                ],
                "line": 29
            },
            "4": {
                "loc": {
                    "start": { "line": 37, "column": 12 },
                    "end": { "line": 50, "column": 13 }
                },
                "type": "if",
                "locations": [
                    {
                        "start": { "line": 37, "column": 12 },
                        "end": { "line": 50, "column": 13 }
                    },
                    { "start": {}, "end": {} }
                ],
                "line": 37
            },
            "5": {
                "loc": {
                    "start": { "line": 37, "column": 16 },
                    "end": { "line": 37, "column": 29 }
                },
                "type": "binary-expr",
                "locations": [
                    {
                        "start": { "line": 37, "column": 16 },
                        "end": { "line": 37, "column": 21 }
                    },
                    {
                        "start": { "line": 37, "column": 25 },
                        "end": { "line": 37, "column": 29 }
                    }
                ],
                "line": 37
            },
            "6": {
                "loc": {
                    "start": { "line": 40, "column": 16 },
                    "end": { "line": 47, "column": 17 }
                },
                "type": "if",
                "locations": [
                    {
                        "start": { "line": 40, "column": 16 },
                        "end": { "line": 47, "column": 17 }
                    },
                    { "start": {}, "end": {} }
                ],
                "line": 40
            },
            "7": {
                "loc": {
                    "start": { "line": 41, "column": 20 },
                    "end": { "line": 44, "column": 34 }
                },
                "type": "binary-expr",
                "locations": [
                    {
                        "start": { "line": 41, "column": 20 },
                        "end": { "line": 41, "column": 32 }
                    },
                    {
                        "start": { "line": 42, "column": 20 },
                        "end": { "line": 42, "column": 33 }
                    },
                    {
                        "start": { "line": 43, "column": 20 },
                        "end": { "line": 43, "column": 34 }
                    },
                    {
                        "start": { "line": 44, "column": 20 },
                        "end": { "line": 44, "column": 34 }
                    }
                ],
                "line": 41
            },
            "8": {
                "loc": {
                    "start": { "line": 52, "column": 12 },
                    "end": { "line": 60, "column": 13 }
                },
                "type": "if",
                "locations": [
                    {
                        "start": { "line": 52, "column": 12 },
                        "end": { "line": 60, "column": 13 }
                    },
                    { "start": {}, "end": {} }
                ],
                "line": 52
            },
            "9": {
                "loc": {
                    "start": { "line": 54, "column": 16 },
                    "end": { "line": 58, "column": 17 }
                },
                "type": "if",
                "locations": [
                    {
                        "start": { "line": 54, "column": 16 },
                        "end": { "line": 58, "column": 17 }
                    },
                    { "start": {}, "end": {} }
                ],
                "line": 54
            },
            "10": {
                "loc": {
                    "start": { "line": 54, "column": 20 },
                    "end": { "line": 54, "column": 50 }
                },
                "type": "binary-expr",
                "locations": [
                    {
                        "start": { "line": 54, "column": 20 },
                        "end": { "line": 54, "column": 32 }
                    },
                    {
                        "start": { "line": 54, "column": 36 },
                        "end": { "line": 54, "column": 50 }
                    }
                ],
                "line": 54
            }
        },
        "s": {
            "0": 5,
            "1": 5,
            "2": 5,
            "3": 5,
            "4": 1,
            "5": 4,
            "6": 1,
            "7": 3,
            "8": 3,
            "9": 2,
            "10": 2,
            "11": 1,
            "12": 1,
            "13": 2,
            "14": 1,
            "15": 1,
            "16": 1,
            "17": 0,
            "18": 1,
            "19": 1,
            "20": 2,
            "21": 0,
            "22": 0,
            "23": 0,
            "24": 0,
            "25": 2,
            "26": 2,
            "27": 2,
            "28": 0,
            "29": 0
        },
        "f": { "0": 5 },
        "b": {
            "0": [1, 4],
            "1": [1, 3],
            "2": [2, 1],
            "3": [1, 1],
            "4": [1, 1],
            "5": [2, 1],
            "6": [0, 1],
            "7": [1, 1, 1, 1],
            "8": [0, 2],
            "9": [0, 0],
            "10": [0, 0]
        },
        "_coverageSchema": "1a1c01bbd47fc00a2c39e90264f33305004495a9",
        "hash": "ccc82450d10ec2056930a1f9c62738ab3f894220"
    },
    "/home/oalfredojrdev/Documentos/projetos/finance-dashboard-api/src/controllers/get-user-by-id.js": {
        "path": "/home/oalfredojrdev/Documentos/projetos/finance-dashboard-api/src/controllers/get-user-by-id.js",
        "statementMap": {
            "0": {
                "start": { "line": 12, "column": 8 },
                "end": { "line": 41, "column": 9 }
            },
            "1": {
                "start": { "line": 13, "column": 30 },
                "end": { "line": 13, "column": 73 }
            },
            "2": {
                "start": { "line": 15, "column": 12 },
                "end": { "line": 17, "column": 13 }
            },
            "3": {
                "start": { "line": 16, "column": 16 },
                "end": { "line": 16, "column": 78 }
            },
            "4": {
                "start": { "line": 20, "column": 12 },
                "end": { "line": 25, "column": 13 }
            },
            "5": {
                "start": { "line": 21, "column": 16 },
                "end": { "line": 24, "column": 17 }
            },
            "6": {
                "start": { "line": 27, "column": 39 },
                "end": { "line": 27, "column": 63 }
            },
            "7": {
                "start": { "line": 29, "column": 25 },
                "end": { "line": 31, "column": 13 }
            },
            "8": {
                "start": { "line": 33, "column": 12 },
                "end": { "line": 35, "column": 13 }
            },
            "9": {
                "start": { "line": 34, "column": 16 },
                "end": { "line": 34, "column": 63 }
            },
            "10": {
                "start": { "line": 37, "column": 12 },
                "end": { "line": 37, "column": 27 }
            },
            "11": {
                "start": { "line": 39, "column": 12 },
                "end": { "line": 39, "column": 30 }
            },
            "12": {
                "start": { "line": 40, "column": 12 },
                "end": { "line": 40, "column": 32 }
            }
        },
        "fnMap": {
            "0": {
                "name": "(anonymous_0)",
                "decl": {
                    "start": { "line": 11, "column": 4 },
                    "end": { "line": 11, "column": 5 }
                },
                "loc": {
                    "start": { "line": 11, "column": 31 },
                    "end": { "line": 42, "column": 5 }
                },
                "line": 11
            }
        },
        "branchMap": {
            "0": {
                "loc": {
                    "start": { "line": 15, "column": 12 },
                    "end": { "line": 17, "column": 13 }
                },
                "type": "if",
                "locations": [
                    {
                        "start": { "line": 15, "column": 12 },
                        "end": { "line": 17, "column": 13 }
                    },
                    { "start": {}, "end": {} }
                ],
                "line": 15
            },
            "1": {
                "loc": {
                    "start": { "line": 20, "column": 12 },
                    "end": { "line": 25, "column": 13 }
                },
                "type": "if",
                "locations": [
                    {
                        "start": { "line": 20, "column": 12 },
                        "end": { "line": 25, "column": 13 }
                    },
                    { "start": {}, "end": {} }
                ],
                "line": 20
            },
            "2": {
                "loc": {
                    "start": { "line": 33, "column": 12 },
                    "end": { "line": 35, "column": 13 }
                },
                "type": "if",
                "locations": [
                    {
                        "start": { "line": 33, "column": 12 },
                        "end": { "line": 35, "column": 13 }
                    },
                    { "start": {}, "end": {} }
                ],
                "line": 33
            }
        },
        "s": {
            "0": 4,
            "1": 4,
            "2": 4,
            "3": 1,
            "4": 3,
            "5": 1,
            "6": 2,
            "7": 2,
            "8": 2,
            "9": 1,
            "10": 1,
            "11": 0,
            "12": 0
        },
        "f": { "0": 4 },
        "b": { "0": [1, 3], "1": [1, 2], "2": [1, 1] },
        "_coverageSchema": "1a1c01bbd47fc00a2c39e90264f33305004495a9",
        "hash": "a6f243adb5fb62fbb7d73924095778d7c2282575"
    },
    "/home/oalfredojrdev/Documentos/projetos/finance-dashboard-api/src/controllers/login.js": {
        "path": "/home/oalfredojrdev/Documentos/projetos/finance-dashboard-api/src/controllers/login.js",
        "statementMap": {
            "0": {
                "start": { "line": 7, "column": 8 },
                "end": { "line": 37, "column": 9 }
            },
            "1": {
                "start": { "line": 8, "column": 27 },
                "end": { "line": 8, "column": 43 }
            },
            "2": {
                "start": { "line": 10, "column": 35 },
                "end": { "line": 10, "column": 56 }
            },
            "3": {
                "start": { "line": 12, "column": 12 },
                "end": { "line": 16, "column": 13 }
            },
            "4": {
                "start": { "line": 13, "column": 16 },
                "end": { "line": 15, "column": 17 }
            },
            "5": {
                "start": { "line": 14, "column": 20 },
                "end": { "line": 14, "column": 77 }
            },
            "6": {
                "start": { "line": 19, "column": 33 },
                "end": { "line": 19, "column": 64 }
            },
            "7": {
                "start": { "line": 20, "column": 12 },
                "end": { "line": 22, "column": 13 }
            },
            "8": {
                "start": { "line": 21, "column": 16 },
                "end": { "line": 21, "column": 71 }
            },
            "9": {
                "start": { "line": 24, "column": 33 },
                "end": { "line": 24, "column": 51 }
            },
            "10": {
                "start": { "line": 25, "column": 27 },
                "end": { "line": 25, "column": 61 }
            },
            "11": {
                "start": { "line": 27, "column": 12 },
                "end": { "line": 27, "column": 29 }
            },
            "12": {
                "start": { "line": 29, "column": 12 },
                "end": { "line": 29, "column": 32 }
            },
            "13": {
                "start": { "line": 30, "column": 12 },
                "end": { "line": 32, "column": 13 }
            },
            "14": {
                "start": { "line": 31, "column": 16 },
                "end": { "line": 31, "column": 75 }
            },
            "15": {
                "start": { "line": 33, "column": 12 },
                "end": { "line": 35, "column": 13 }
            },
            "16": {
                "start": { "line": 34, "column": 16 },
                "end": { "line": 34, "column": 61 }
            },
            "17": {
                "start": { "line": 36, "column": 12 },
                "end": { "line": 36, "column": 32 }
            }
        },
        "fnMap": {
            "0": {
                "name": "(anonymous_0)",
                "decl": {
                    "start": { "line": 6, "column": 4 },
                    "end": { "line": 6, "column": 5 }
                },
                "loc": {
                    "start": { "line": 6, "column": 31 },
                    "end": { "line": 38, "column": 5 }
                },
                "line": 6
            }
        },
        "branchMap": {
            "0": {
                "loc": {
                    "start": { "line": 13, "column": 16 },
                    "end": { "line": 15, "column": 17 }
                },
                "type": "if",
                "locations": [
                    {
                        "start": { "line": 13, "column": 16 },
                        "end": { "line": 15, "column": 17 }
                    },
                    { "start": {}, "end": {} }
                ],
                "line": 13
            },
            "1": {
                "loc": {
                    "start": { "line": 13, "column": 20 },
                    "end": { "line": 13, "column": 71 }
                },
                "type": "binary-expr",
                "locations": [
                    {
                        "start": { "line": 13, "column": 20 },
                        "end": { "line": 13, "column": 34 }
                    },
                    {
                        "start": { "line": 13, "column": 38 },
                        "end": { "line": 13, "column": 71 }
                    }
                ],
                "line": 13
            },
            "2": {
                "loc": {
                    "start": { "line": 20, "column": 12 },
                    "end": { "line": 22, "column": 13 }
                },
                "type": "if",
                "locations": [
                    {
                        "start": { "line": 20, "column": 12 },
                        "end": { "line": 22, "column": 13 }
                    },
                    { "start": {}, "end": {} }
                ],
                "line": 20
            },
            "3": {
                "loc": {
                    "start": { "line": 30, "column": 12 },
                    "end": { "line": 32, "column": 13 }
                },
                "type": "if",
                "locations": [
                    {
                        "start": { "line": 30, "column": 12 },
                        "end": { "line": 32, "column": 13 }
                    },
                    { "start": {}, "end": {} }
                ],
                "line": 30
            },
            "4": {
                "loc": {
                    "start": { "line": 33, "column": 12 },
                    "end": { "line": 35, "column": 13 }
                },
                "type": "if",
                "locations": [
                    {
                        "start": { "line": 33, "column": 12 },
                        "end": { "line": 35, "column": 13 }
                    },
                    { "start": {}, "end": {} }
                ],
                "line": 33
            }
        },
        "s": {
            "0": 0,
            "1": 0,
            "2": 0,
            "3": 0,
            "4": 0,
            "5": 0,
            "6": 0,
            "7": 0,
            "8": 0,
            "9": 0,
            "10": 0,
            "11": 0,
            "12": 0,
            "13": 0,
            "14": 0,
            "15": 0,
            "16": 0,
            "17": 0
        },
        "f": { "0": 0 },
        "b": { "0": [0, 0], "1": [0, 0], "2": [0, 0], "3": [0, 0], "4": [0, 0] }
    },
    "/home/oalfredojrdev/Documentos/projetos/finance-dashboard-api/src/controllers/update-transaction.js": {
        "path": "/home/oalfredojrdev/Documentos/projetos/finance-dashboard-api/src/controllers/update-transaction.js",
        "statementMap": {
            "0": {
                "start": { "line": 12, "column": 8 },
                "end": { "line": 83, "column": 9 }
            },
            "1": {
                "start": { "line": 13, "column": 38 },
                "end": { "line": 13, "column": 56 }
            },
            "2": {
                "start": { "line": 14, "column": 27 },
                "end": { "line": 14, "column": 43 }
            },
            "3": {
                "start": { "line": 17, "column": 12 },
                "end": { "line": 19, "column": 13 }
            },
            "4": {
                "start": { "line": 18, "column": 16 },
                "end": { "line": 18, "column": 78 }
            },
            "5": {
                "start": { "line": 22, "column": 12 },
                "end": { "line": 26, "column": 13 }
            },
            "6": {
                "start": { "line": 23, "column": 16 },
                "end": { "line": 25, "column": 18 }
            },
            "7": {
                "start": { "line": 29, "column": 12 },
                "end": { "line": 33, "column": 13 }
            },
            "8": {
                "start": { "line": 30, "column": 16 },
                "end": { "line": 32, "column": 18 }
            },
            "9": {
                "start": { "line": 36, "column": 12 },
                "end": { "line": 43, "column": 13 }
            },
            "10": {
                "start": { "line": 40, "column": 16 },
                "end": { "line": 42, "column": 18 }
            },
            "11": {
                "start": { "line": 46, "column": 12 },
                "end": { "line": 51, "column": 13 }
            },
            "12": {
                "start": { "line": 47, "column": 35 },
                "end": { "line": 47, "column": 71 }
            },
            "13": {
                "start": { "line": 48, "column": 16 },
                "end": { "line": 50, "column": 17 }
            },
            "14": {
                "start": { "line": 49, "column": 20 },
                "end": { "line": 49, "column": 78 }
            },
            "15": {
                "start": { "line": 53, "column": 45 },
                "end": { "line": 53, "column": 75 }
            },
            "16": {
                "start": { "line": 54, "column": 39 },
                "end": { "line": 58, "column": 13 }
            },
            "17": {
                "start": { "line": 60, "column": 12 },
                "end": { "line": 62, "column": 13 }
            },
            "18": {
                "start": { "line": 61, "column": 16 },
                "end": { "line": 61, "column": 69 }
            },
            "19": {
                "start": { "line": 64, "column": 12 },
                "end": { "line": 64, "column": 41 }
            },
            "20": {
                "start": { "line": 66, "column": 12 },
                "end": { "line": 66, "column": 32 }
            },
            "21": {
                "start": { "line": 67, "column": 12 },
                "end": { "line": 69, "column": 13 }
            },
            "22": {
                "start": { "line": 68, "column": 16 },
                "end": { "line": 68, "column": 59 }
            },
            "23": {
                "start": { "line": 70, "column": 12 },
                "end": { "line": 75, "column": 13 }
            },
            "24": {
                "start": { "line": 71, "column": 16 },
                "end": { "line": 74, "column": 17 }
            },
            "25": {
                "start": { "line": 76, "column": 12 },
                "end": { "line": 81, "column": 13 }
            },
            "26": {
                "start": { "line": 80, "column": 16 },
                "end": { "line": 80, "column": 61 }
            },
            "27": {
                "start": { "line": 82, "column": 12 },
                "end": { "line": 82, "column": 32 }
            }
        },
        "fnMap": {
            "0": {
                "name": "(anonymous_0)",
                "decl": {
                    "start": { "line": 11, "column": 4 },
                    "end": { "line": 11, "column": 5 }
                },
                "loc": {
                    "start": { "line": 11, "column": 31 },
                    "end": { "line": 84, "column": 5 }
                },
                "line": 11
            }
        },
        "branchMap": {
            "0": {
                "loc": {
                    "start": { "line": 17, "column": 12 },
                    "end": { "line": 19, "column": 13 }
                },
                "type": "if",
                "locations": [
                    {
                        "start": { "line": 17, "column": 12 },
                        "end": { "line": 19, "column": 13 }
                    },
                    { "start": {}, "end": {} }
                ],
                "line": 17
            },
            "1": {
                "loc": {
                    "start": { "line": 22, "column": 12 },
                    "end": { "line": 26, "column": 13 }
                },
                "type": "if",
                "locations": [
                    {
                        "start": { "line": 22, "column": 12 },
                        "end": { "line": 26, "column": 13 }
                    },
                    { "start": {}, "end": {} }
                ],
                "line": 22
            },
            "2": {
                "loc": {
                    "start": { "line": 22, "column": 16 },
                    "end": { "line": 22, "column": 59 }
                },
                "type": "binary-expr",
                "locations": [
                    {
                        "start": { "line": 22, "column": 16 },
                        "end": { "line": 22, "column": 23 }
                    },
                    {
                        "start": { "line": 22, "column": 27 },
                        "end": { "line": 22, "column": 59 }
                    }
                ],
                "line": 22
            },
            "3": {
                "loc": {
                    "start": { "line": 29, "column": 12 },
                    "end": { "line": 33, "column": 13 }
                },
                "type": "if",
                "locations": [
                    {
                        "start": { "line": 29, "column": 12 },
                        "end": { "line": 33, "column": 13 }
                    },
                    { "start": {}, "end": {} }
                ],
                "line": 29
            },
            "4": {
                "loc": {
                    "start": { "line": 29, "column": 16 },
                    "end": { "line": 29, "column": 64 }
                },
                "type": "binary-expr",
                "locations": [
                    {
                        "start": { "line": 29, "column": 16 },
                        "end": { "line": 29, "column": 27 }
                    },
                    {
                        "start": { "line": 29, "column": 31 },
                        "end": { "line": 29, "column": 64 }
                    }
                ],
                "line": 29
            },
            "5": {
                "loc": {
                    "start": { "line": 36, "column": 12 },
                    "end": { "line": 43, "column": 13 }
                },
                "type": "if",
                "locations": [
                    {
                        "start": { "line": 36, "column": 12 },
                        "end": { "line": 43, "column": 13 }
                    },
                    { "start": {}, "end": {} }
                ],
                "line": 36
            },
            "6": {
                "loc": {
                    "start": { "line": 37, "column": 16 },
                    "end": { "line": 38, "column": 73 }
                },
                "type": "binary-expr",
                "locations": [
                    {
                        "start": { "line": 37, "column": 16 },
                        "end": { "line": 37, "column": 43 }
                    },
                    {
                        "start": { "line": 38, "column": 17 },
                        "end": { "line": 38, "column": 50 }
                    },
                    {
                        "start": { "line": 38, "column": 54 },
                        "end": { "line": 38, "column": 72 }
                    }
                ],
                "line": 37
            },
            "7": {
                "loc": {
                    "start": { "line": 46, "column": 12 },
                    "end": { "line": 51, "column": 13 }
                },
                "type": "if",
                "locations": [
                    {
                        "start": { "line": 46, "column": 12 },
                        "end": { "line": 51, "column": 13 }
                    },
                    { "start": {}, "end": {} }
                ],
                "line": 46
            },
            "8": {
                "loc": {
                    "start": { "line": 48, "column": 16 },
                    "end": { "line": 50, "column": 17 }
                },
                "type": "if",
                "locations": [
                    {
                        "start": { "line": 48, "column": 16 },
                        "end": { "line": 50, "column": 17 }
                    },
                    { "start": {}, "end": {} }
                ],
                "line": 48
            },
            "9": {
                "loc": {
                    "start": { "line": 60, "column": 12 },
                    "end": { "line": 62, "column": 13 }
                },
                "type": "if",
                "locations": [
                    {
                        "start": { "line": 60, "column": 12 },
                        "end": { "line": 62, "column": 13 }
                    },
                    { "start": {}, "end": {} }
                ],
                "line": 60
            },
            "10": {
                "loc": {
                    "start": { "line": 67, "column": 12 },
                    "end": { "line": 69, "column": 13 }
                },
                "type": "if",
                "locations": [
                    {
                        "start": { "line": 67, "column": 12 },
                        "end": { "line": 69, "column": 13 }
                    },
                    { "start": {}, "end": {} }
                ],
                "line": 67
            },
            "11": {
                "loc": {
                    "start": { "line": 70, "column": 12 },
                    "end": { "line": 75, "column": 13 }
                },
                "type": "if",
                "locations": [
                    {
                        "start": { "line": 70, "column": 12 },
                        "end": { "line": 75, "column": 13 }
                    },
                    { "start": {}, "end": {} }
                ],
                "line": 70
            },
            "12": {
                "loc": {
                    "start": { "line": 76, "column": 12 },
                    "end": { "line": 81, "column": 13 }
                },
                "type": "if",
                "locations": [
                    {
                        "start": { "line": 76, "column": 12 },
                        "end": { "line": 81, "column": 13 }
                    },
                    { "start": {}, "end": {} }
                ],
                "line": 76
            },
            "13": {
                "loc": {
                    "start": { "line": 77, "column": 16 },
                    "end": { "line": 78, "column": 49 }
                },
                "type": "binary-expr",
                "locations": [
                    {
                        "start": { "line": 77, "column": 16 },
                        "end": { "line": 77, "column": 49 }
                    },
                    {
                        "start": { "line": 78, "column": 16 },
                        "end": { "line": 78, "column": 49 }
                    }
                ],
                "line": 77
            }
        },
        "s": {
            "0": 5,
            "1": 5,
            "2": 5,
            "3": 5,
            "4": 1,
            "5": 4,
            "6": 1,
            "7": 3,
            "8": 0,
            "9": 3,
            "10": 0,
            "11": 3,
            "12": 1,
            "13": 1,
            "14": 1,
            "15": 2,
            "16": 2,
            "17": 1,
            "18": 0,
            "19": 1,
            "20": 1,
            "21": 1,
            "22": 0,
            "23": 1,
            "24": 1,
            "25": 0,
            "26": 0,
            "27": 0
        },
        "f": { "0": 5 },
        "b": {
            "0": [1, 4],
            "1": [1, 3],
            "2": [4, 4],
            "3": [0, 3],
            "4": [3, 0],
            "5": [0, 3],
            "6": [3, 2, 2],
            "7": [1, 2],
            "8": [1, 0],
            "9": [0, 1],
            "10": [0, 1],
            "11": [1, 0],
            "12": [0, 0],
            "13": [0, 0]
        },
        "_coverageSchema": "1a1c01bbd47fc00a2c39e90264f33305004495a9",
        "hash": "5bbefcafb458b2b1b70b81bf9958f0863a68e90a"
    },
    "/home/oalfredojrdev/Documentos/projetos/finance-dashboard-api/src/controllers/update-user.js": {
        "path": "/home/oalfredojrdev/Documentos/projetos/finance-dashboard-api/src/controllers/update-user.js",
        "statementMap": {
            "0": {
                "start": { "line": 13, "column": 8 },
                "end": { "line": 70, "column": 9 }
            },
            "1": {
                "start": { "line": 14, "column": 30 },
                "end": { "line": 14, "column": 73 }
            },
            "2": {
                "start": { "line": 16, "column": 12 },
                "end": { "line": 18, "column": 13 }
            },
            "3": {
                "start": { "line": 17, "column": 16 },
                "end": { "line": 17, "column": 79 }
            },
            "4": {
                "start": { "line": 21, "column": 12 },
                "end": { "line": 26, "column": 13 }
            },
            "5": {
                "start": { "line": 22, "column": 16 },
                "end": { "line": 25, "column": 17 }
            },
            "6": {
                "start": { "line": 28, "column": 27 },
                "end": { "line": 28, "column": 43 }
            },
            "7": {
                "start": { "line": 31, "column": 12 },
                "end": { "line": 35, "column": 13 }
            },
            "8": {
                "start": { "line": 32, "column": 16 },
                "end": { "line": 34, "column": 18 }
            },
            "9": {
                "start": { "line": 38, "column": 12 },
                "end": { "line": 40, "column": 13 }
            },
            "10": {
                "start": { "line": 39, "column": 16 },
                "end": { "line": 39, "column": 71 }
            },
            "11": {
                "start": { "line": 43, "column": 12 },
                "end": { "line": 47, "column": 13 }
            },
            "12": {
                "start": { "line": 44, "column": 16 },
                "end": { "line": 46, "column": 18 }
            },
            "13": {
                "start": { "line": 49, "column": 35 },
                "end": { "line": 49, "column": 55 }
            },
            "14": {
                "start": { "line": 51, "column": 32 },
                "end": { "line": 54, "column": 13 }
            },
            "15": {
                "start": { "line": 56, "column": 12 },
                "end": { "line": 58, "column": 13 }
            },
            "16": {
                "start": { "line": 57, "column": 16 },
                "end": { "line": 57, "column": 63 }
            },
            "17": {
                "start": { "line": 60, "column": 12 },
                "end": { "line": 60, "column": 34 }
            },
            "18": {
                "start": { "line": 62, "column": 12 },
                "end": { "line": 64, "column": 13 }
            },
            "19": {
                "start": { "line": 63, "column": 16 },
                "end": { "line": 63, "column": 61 }
            },
            "20": {
                "start": { "line": 65, "column": 12 },
                "end": { "line": 67, "column": 13 }
            },
            "21": {
                "start": { "line": 66, "column": 16 },
                "end": { "line": 66, "column": 59 }
            },
            "22": {
                "start": { "line": 68, "column": 12 },
                "end": { "line": 68, "column": 32 }
            },
            "23": {
                "start": { "line": 69, "column": 12 },
                "end": { "line": 69, "column": 32 }
            }
        },
        "fnMap": {
            "0": {
                "name": "(anonymous_0)",
                "decl": {
                    "start": { "line": 12, "column": 4 },
                    "end": { "line": 12, "column": 5 }
                },
                "loc": {
                    "start": { "line": 12, "column": 31 },
                    "end": { "line": 71, "column": 5 }
                },
                "line": 12
            }
        },
        "branchMap": {
            "0": {
                "loc": {
                    "start": { "line": 16, "column": 12 },
                    "end": { "line": 18, "column": 13 }
                },
                "type": "if",
                "locations": [
                    {
                        "start": { "line": 16, "column": 12 },
                        "end": { "line": 18, "column": 13 }
                    },
                    { "start": {}, "end": {} }
                ],
                "line": 16
            },
            "1": {
                "loc": {
                    "start": { "line": 21, "column": 12 },
                    "end": { "line": 26, "column": 13 }
                },
                "type": "if",
                "locations": [
                    {
                        "start": { "line": 21, "column": 12 },
                        "end": { "line": 26, "column": 13 }
                    },
                    { "start": {}, "end": {} }
                ],
                "line": 21
            },
            "2": {
                "loc": {
                    "start": { "line": 31, "column": 12 },
                    "end": { "line": 35, "column": 13 }
                },
                "type": "if",
                "locations": [
                    {
                        "start": { "line": 31, "column": 12 },
                        "end": { "line": 35, "column": 13 }
                    },
                    { "start": {}, "end": {} }
                ],
                "line": 31
            },
            "3": {
                "loc": {
                    "start": { "line": 31, "column": 16 },
                    "end": { "line": 31, "column": 59 }
                },
                "type": "binary-expr",
                "locations": [
                    {
                        "start": { "line": 31, "column": 16 },
                        "end": { "line": 31, "column": 23 }
                    },
                    {
                        "start": { "line": 31, "column": 27 },
                        "end": { "line": 31, "column": 59 }
                    }
                ],
                "line": 31
            },
            "4": {
                "loc": {
                    "start": { "line": 38, "column": 12 },
                    "end": { "line": 40, "column": 13 }
                },
                "type": "if",
                "locations": [
                    {
                        "start": { "line": 38, "column": 12 },
                        "end": { "line": 40, "column": 13 }
                    },
                    { "start": {}, "end": {} }
                ],
                "line": 38
            },
            "5": {
                "loc": {
                    "start": { "line": 38, "column": 16 },
                    "end": { "line": 38, "column": 64 }
                },
                "type": "binary-expr",
                "locations": [
                    {
                        "start": { "line": 38, "column": 16 },
                        "end": { "line": 38, "column": 28 }
                    },
                    {
                        "start": { "line": 38, "column": 32 },
                        "end": { "line": 38, "column": 64 }
                    }
                ],
                "line": 38
            },
            "6": {
                "loc": {
                    "start": { "line": 43, "column": 12 },
                    "end": { "line": 47, "column": 13 }
                },
                "type": "if",
                "locations": [
                    {
                        "start": { "line": 43, "column": 12 },
                        "end": { "line": 47, "column": 13 }
                    },
                    { "start": {}, "end": {} }
                ],
                "line": 43
            },
            "7": {
                "loc": {
                    "start": { "line": 43, "column": 16 },
                    "end": { "line": 43, "column": 61 }
                },
                "type": "binary-expr",
                "locations": [
                    {
                        "start": { "line": 43, "column": 16 },
                        "end": { "line": 43, "column": 31 }
                    },
                    {
                        "start": { "line": 43, "column": 35 },
                        "end": { "line": 43, "column": 61 }
                    }
                ],
                "line": 43
            },
            "8": {
                "loc": {
                    "start": { "line": 56, "column": 12 },
                    "end": { "line": 58, "column": 13 }
                },
                "type": "if",
                "locations": [
                    {
                        "start": { "line": 56, "column": 12 },
                        "end": { "line": 58, "column": 13 }
                    },
                    { "start": {}, "end": {} }
                ],
                "line": 56
            },
            "9": {
                "loc": {
                    "start": { "line": 62, "column": 12 },
                    "end": { "line": 64, "column": 13 }
                },
                "type": "if",
                "locations": [
                    {
                        "start": { "line": 62, "column": 12 },
                        "end": { "line": 64, "column": 13 }
                    },
                    { "start": {}, "end": {} }
                ],
                "line": 62
            },
            "10": {
                "loc": {
                    "start": { "line": 65, "column": 12 },
                    "end": { "line": 67, "column": 13 }
                },
                "type": "if",
                "locations": [
                    {
                        "start": { "line": 65, "column": 12 },
                        "end": { "line": 67, "column": 13 }
                    },
                    { "start": {}, "end": {} }
                ],
                "line": 65
            }
        },
        "s": {
            "0": 7,
            "1": 7,
            "2": 7,
            "3": 1,
            "4": 6,
            "5": 1,
            "6": 5,
            "7": 5,
            "8": 1,
            "9": 4,
            "10": 1,
            "11": 3,
            "12": 1,
            "13": 2,
            "14": 2,
            "15": 1,
            "16": 0,
            "17": 1,
            "18": 1,
            "19": 1,
            "20": 0,
            "21": 0,
            "22": 0,
            "23": 0
        },
        "f": { "0": 7 },
        "b": {
            "0": [1, 6],
            "1": [1, 5],
            "2": [1, 4],
            "3": [5, 5],
            "4": [1, 3],
            "5": [4, 2],
            "6": [1, 2],
            "7": [3, 1],
            "8": [0, 1],
            "9": [1, 0],
            "10": [0, 0]
        },
        "_coverageSchema": "1a1c01bbd47fc00a2c39e90264f33305004495a9",
        "hash": "37c5c0b6a227175e7da4b94a83f895e6ca8d980d"
    },
    "/home/oalfredojrdev/Documentos/projetos/finance-dashboard-api/src/db/postgres/helper.js": {
        "path": "/home/oalfredojrdev/Documentos/projetos/finance-dashboard-api/src/db/postgres/helper.js",
        "statementMap": {
            "0": {
                "start": { "line": 4, "column": 0 },
                "end": { "line": 4, "column": 15 }
            },
            "1": {
                "start": { "line": 6, "column": 17 },
                "end": { "line": 6, "column": 19 }
            },
            "2": {
                "start": { "line": 8, "column": 13 },
                "end": { "line": 14, "column": 2 }
            },
            "3": {
                "start": { "line": 19, "column": 23 },
                "end": { "line": 19, "column": 43 }
            },
            "4": {
                "start": { "line": 20, "column": 8 },
                "end": { "line": 25, "column": 9 }
            },
            "5": {
                "start": { "line": 21, "column": 24 },
                "end": { "line": 21, "column": 56 }
            },
            "6": {
                "start": { "line": 22, "column": 12 },
[...]
        "path": "/home/oalfredojrdev/Documentos/projetos/finance-dashboard-api/src/use-cases/get-user-by-id.js",
        "statementMap": {
            "0": {
                "start": { "line": 6, "column": 12 },
                "end": { "line": 6, "column": 47 }
            },
            "1": {
                "start": { "line": 8, "column": 21 },
                "end": { "line": 8, "column": 72 }
            },
            "2": {
                "start": { "line": 10, "column": 8 },
                "end": { "line": 10, "column": 19 }
            }
        },
        "fnMap": {
            "0": {
                "name": "(anonymous_0)",
                "decl": {
                    "start": { "line": 4, "column": 4 },
                    "end": { "line": 4, "column": 5 }
                },
                "loc": {
                    "start": { "line": 4, "column": 26 },
                    "end": { "line": 11, "column": 5 }
                },
                "line": 4
            }
        },
        "branchMap": {},
        "s": { "0": 0, "1": 0, "2": 0 },
        "f": { "0": 0 },
        "b": {},
        "_coverageSchema": "1a1c01bbd47fc00a2c39e90264f33305004495a9",
        "hash": "1af47634bb0e07e6a3738ce9c4fbb63f20c83b9a"
    },
    "/home/oalfredojrdev/Documentos/projetos/finance-dashboard-api/src/use-cases/login.js": {
        "path": "/home/oalfredojrdev/Documentos/projetos/finance-dashboard-api/src/use-cases/login.js",
        "statementMap": {
            "0": {
                "start": { "line": 8, "column": 31 },
                "end": { "line": 8, "column": 52 }
            },
            "1": {
                "start": { "line": 9, "column": 8 },
                "end": { "line": 13, "column": 9 }
            },
            "2": {
                "start": { "line": 10, "column": 12 },
                "end": { "line": 12, "column": 13 }
            },
            "3": {
                "start": { "line": 11, "column": 16 },
                "end": { "line": 11, "column": 67 }
            },
            "4": {
                "start": { "line": 17, "column": 12 },
                "end": { "line": 17, "column": 50 }
            },
            "5": {
                "start": { "line": 18, "column": 21 },
                "end": { "line": 20, "column": 9 }
            },
            "6": {
                "start": { "line": 22, "column": 8 },
                "end": { "line": 24, "column": 9 }
            },
            "7": {
                "start": { "line": 23, "column": 12 },
                "end": { "line": 23, "column": 50 }
            },
            "8": {
                "start": { "line": 27, "column": 30 },
                "end": { "line": 30, "column": 9 }
            },
            "9": {
                "start": { "line": 31, "column": 8 },
                "end": { "line": 33, "column": 9 }
            },
            "10": {
                "start": { "line": 32, "column": 12 },
                "end": { "line": 32, "column": 50 }
            },
            "11": {
                "start": { "line": 36, "column": 22 },
                "end": { "line": 45, "column": 9 }
            },
            "12": {
                "start": { "line": 47, "column": 8 },
                "end": { "line": 55, "column": 9 }
            }
        },
        "fnMap": {
            "0": {
                "name": "(anonymous_0)",
                "decl": {
                    "start": { "line": 6, "column": 4 },
                    "end": { "line": 6, "column": 5 }
                },
                "loc": {
                    "start": { "line": 6, "column": 31 },
                    "end": { "line": 56, "column": 5 }
                },
                "line": 6
            }
        },
        "branchMap": {
            "0": {
                "loc": {
                    "start": { "line": 10, "column": 12 },
                    "end": { "line": 12, "column": 13 }
                },
                "type": "if",
                "locations": [
                    {
                        "start": { "line": 10, "column": 12 },
                        "end": { "line": 12, "column": 13 }
                    },
                    { "start": {}, "end": {} }
                ],
                "line": 10
            },
            "1": {
                "loc": {
                    "start": { "line": 10, "column": 16 },
                    "end": { "line": 10, "column": 77 }
                },
                "type": "binary-expr",
                "locations": [
                    {
                        "start": { "line": 10, "column": 16 },
                        "end": { "line": 10, "column": 35 }
                    },
                    {
                        "start": { "line": 10, "column": 39 },
                        "end": { "line": 10, "column": 77 }
                    }
                ],
                "line": 10
            },
            "2": {
                "loc": {
                    "start": { "line": 22, "column": 8 },
                    "end": { "line": 24, "column": 9 }
                },
                "type": "if",
                "locations": [
                    {
                        "start": { "line": 22, "column": 8 },
                        "end": { "line": 24, "column": 9 }
                    },
                    { "start": {}, "end": {} }
                ],
                "line": 22
            },
            "3": {
                "loc": {
                    "start": { "line": 31, "column": 8 },
                    "end": { "line": 33, "column": 9 }
                },
                "type": "if",
                "locations": [
                    {
                        "start": { "line": 31, "column": 8 },
                        "end": { "line": 33, "column": 9 }
                    },
                    { "start": {}, "end": {} }
                ],
                "line": 31
            }
        },
        "s": {
            "0": 0,
            "1": 0,
            "2": 0,
            "3": 0,
            "4": 0,
            "5": 0,
            "6": 0,
            "7": 0,
            "8": 0,
            "9": 0,
            "10": 0,
            "11": 0,
            "12": 0
        },
        "f": { "0": 0 },
        "b": { "0": [0, 0], "1": [0, 0], "2": [0, 0], "3": [0, 0] }
    },
    "/home/oalfredojrdev/Documentos/projetos/finance-dashboard-api/src/use-cases/update-transaction.js": {
        "path": "/home/oalfredojrdev/Documentos/projetos/finance-dashboard-api/src/use-cases/update-transaction.js",
        "statementMap": {
            "0": {
                "start": { "line": 8, "column": 12 },
                "end": { "line": 8, "column": 51 }
            },
            "1": {
                "start": { "line": 9, "column": 36 },
                "end": { "line": 11, "column": 10 }
            },
            "2": {
                "start": { "line": 12, "column": 8 },
                "end": { "line": 14, "column": 9 }
            },
            "3": {
                "start": { "line": 13, "column": 12 },
                "end": { "line": 13, "column": 52 }
            },
            "4": {
                "start": { "line": 17, "column": 8 },
                "end": { "line": 19, "column": 9 }
            },
            "5": {
                "start": { "line": 18, "column": 12 },
                "end": { "line": 18, "column": 85 }
            },
            "6": {
                "start": { "line": 22, "column": 8 },
                "end": { "line": 27, "column": 9 }
            },
            "7": {
                "start": { "line": 23, "column": 31 },
                "end": { "line": 23, "column": 67 }
            },
            "8": {
                "start": { "line": 24, "column": 12 },
                "end": { "line": 26, "column": 13 }
            },
            "9": {
                "start": { "line": 25, "column": 16 },
                "end": { "line": 25, "column": 59 }
            },
            "10": {
                "start": { "line": 30, "column": 8 },
                "end": { "line": 35, "column": 9 }
            },
            "11": {
                "start": { "line": 34, "column": 12 },
                "end": { "line": 34, "column": 60 }
            },
            "12": {
                "start": { "line": 38, "column": 12 },
                "end": { "line": 38, "column": 53 }
            },
            "13": {
                "start": { "line": 40, "column": 12 },
                "end": { "line": 43, "column": 13 }
            },
            "14": {
                "start": { "line": 45, "column": 8 },
                "end": { "line": 45, "column": 33 }
            }
        },
        "fnMap": {
            "0": {
                "name": "(anonymous_0)",
                "decl": {
                    "start": { "line": 5, "column": 4 },
                    "end": { "line": 5, "column": 5 }
                },
                "loc": {
                    "start": { "line": 5, "column": 66 },
                    "end": { "line": 46, "column": 5 }
                },
                "line": 5
            }
        },
        "branchMap": {
            "0": {
                "loc": {
                    "start": { "line": 12, "column": 8 },
                    "end": { "line": 14, "column": 9 }
                },
                "type": "if",
                "locations": [
                    {
                        "start": { "line": 12, "column": 8 },
                        "end": { "line": 14, "column": 9 }
                    },
                    { "start": {}, "end": {} }
                ],
                "line": 12
            },
            "1": {
                "loc": {
                    "start": { "line": 12, "column": 12 },
                    "end": { "line": 12, "column": 68 }
                },
                "type": "binary-expr",
                "locations": [
                    {
                        "start": { "line": 12, "column": 12 },
                        "end": { "line": 12, "column": 32 }
                    },
                    {
                        "start": { "line": 12, "column": 36 },
                        "end": { "line": 12, "column": 68 }
                    }
                ],
                "line": 12
            },
            "2": {
                "loc": {
                    "start": { "line": 17, "column": 8 },
                    "end": { "line": 19, "column": 9 }
                },
                "type": "if",
                "locations": [
                    {
                        "start": { "line": 17, "column": 8 },
                        "end": { "line": 19, "column": 9 }
                    },
                    { "start": {}, "end": {} }
                ],
                "line": 17
            },
            "3": {
                "loc": {
                    "start": { "line": 22, "column": 8 },
                    "end": { "line": 27, "column": 9 }
                },
                "type": "if",
                "locations": [
                    {
                        "start": { "line": 22, "column": 8 },
                        "end": { "line": 27, "column": 9 }
                    },
                    { "start": {}, "end": {} }
                ],
                "line": 22
            },
            "4": {
                "loc": {
                    "start": { "line": 24, "column": 12 },
                    "end": { "line": 26, "column": 13 }
                },
                "type": "if",
                "locations": [
                    {
                        "start": { "line": 24, "column": 12 },
                        "end": { "line": 26, "column": 13 }
                    },
                    { "start": {}, "end": {} }
                ],
                "line": 24
            },
            "5": {
                "loc": {
                    "start": { "line": 30, "column": 8 },
                    "end": { "line": 35, "column": 9 }
                },
                "type": "if",
                "locations": [
                    {
                        "start": { "line": 30, "column": 8 },
                        "end": { "line": 35, "column": 9 }
                    },
                    { "start": {}, "end": {} }
                ],
                "line": 30
            },
            "6": {
                "loc": {
                    "start": { "line": 31, "column": 12 },
                    "end": { "line": 32, "column": 47 }
                },
                "type": "binary-expr",
                "locations": [
                    {
                        "start": { "line": 31, "column": 12 },
                        "end": { "line": 31, "column": 56 }
                    },
                    {
                        "start": { "line": 32, "column": 12 },
                        "end": { "line": 32, "column": 47 }
                    }
                ],
                "line": 31
            }
        },
        "s": {
            "0": 0,
            "1": 0,
            "2": 0,
            "3": 0,
            "4": 0,
            "5": 0,
            "6": 0,
            "7": 0,
            "8": 0,
            "9": 0,
            "10": 0,
            "11": 0,
            "12": 0,
            "13": 0,
            "14": 0
        },
        "f": { "0": 0 },
        "b": {
            "0": [0, 0],
            "1": [0, 0],
            "2": [0, 0],
            "3": [0, 0],
            "4": [0, 0],
            "5": [0, 0],
            "6": [0, 0]
        },
        "_coverageSchema": "1a1c01bbd47fc00a2c39e90264f33305004495a9",
        "hash": "8957975f8e588f8cd917fbccb8a247919e776ee7"
    },
    "/home/oalfredojrdev/Documentos/projetos/finance-dashboard-api/src/use-cases/update-user.js": {
        "path": "/home/oalfredojrdev/Documentos/projetos/finance-dashboard-api/src/use-cases/update-user.js",
        "statementMap": {
            "0": {
                "start": { "line": 11, "column": 12 },
                "end": { "line": 11, "column": 47 }
            },
            "1": {
                "start": { "line": 12, "column": 21 },
                "end": { "line": 12, "column": 72 }
            },
            "2": {
                "start": { "line": 14, "column": 8 },
                "end": { "line": 16, "column": 9 }
            },
            "3": {
                "start": { "line": 15, "column": 12 },
                "end": { "line": 15, "column": 23 }
            },
            "4": {
                "start": { "line": 19, "column": 8 },
                "end": { "line": 29, "column": 9 }
            },
            "5": {
                "start": { "line": 21, "column": 16 },
                "end": { "line": 21, "column": 54 }
            },
            "6": {
                "start": { "line": 23, "column": 16 },
                "end": { "line": 25, "column": 17 }
            },
            "7": {
                "start": { "line": 26, "column": 12 },
                "end": { "line": 28, "column": 13 }
            },
            "8": {
                "start": { "line": 27, "column": 16 },
                "end": { "line": 27, "column": 73 }
            },
            "9": {
                "start": { "line": 32, "column": 29 },
                "end": { "line": 32, "column": 52 }
            },
            "10": {
                "start": { "line": 33, "column": 8 },
                "end": { "line": 38, "column": 9 }
            },
            "11": {
                "start": { "line": 34, "column": 12 },
                "end": { "line": 37, "column": 13 }
            },
            "12": {
                "start": { "line": 41, "column": 45 },
                "end": { "line": 41, "column": 79 }
            },
            "13": {
                "start": { "line": 42, "column": 28 },
                "end": { "line": 45, "column": 9 }
            },
            "14": {
                "start": { "line": 47, "column": 8 },
                "end": { "line": 47, "column": 26 }
            }
        },
        "fnMap": {
            "0": {
                "name": "(anonymous_0)",
                "decl": {
                    "start": { "line": 8, "column": 4 },
                    "end": { "line": 8, "column": 5 }
                },
                "loc": {
                    "start": { "line": 8, "column": 44 },
                    "end": { "line": 48, "column": 5 }
                },
                "line": 8
            }
        },
        "branchMap": {
            "0": {
                "loc": {
                    "start": { "line": 14, "column": 8 },
                    "end": { "line": 16, "column": 9 }
                },
                "type": "if",
                "locations": [
                    {
                        "start": { "line": 14, "column": 8 },
                        "end": { "line": 16, "column": 9 }
                    },
                    { "start": {}, "end": {} }
                ],
                "line": 14
            },
            "1": {
                "loc": {
                    "start": { "line": 19, "column": 8 },
                    "end": { "line": 29, "column": 9 }
                },
                "type": "if",
                "locations": [
                    {
                        "start": { "line": 19, "column": 8 },
                        "end": { "line": 29, "column": 9 }
                    },
                    { "start": {}, "end": {} }
                ],
                "line": 19
            },
            "2": {
                "loc": {
                    "start": { "line": 26, "column": 12 },
                    "end": { "line": 28, "column": 13 }
                },
                "type": "if",
                "locations": [
                    {
                        "start": { "line": 26, "column": 12 },
                        "end": { "line": 28, "column": 13 }
                    },
                    { "start": {}, "end": {} }
                ],
                "line": 26
            },
            "3": {
                "loc": {
                    "start": { "line": 26, "column": 16 },
                    "end": { "line": 26, "column": 60 }
                },
                "type": "binary-expr",
                "locations": [
                    {
                        "start": { "line": 26, "column": 16 },
                        "end": { "line": 26, "column": 29 }
                    },
                    {
                        "start": { "line": 26, "column": 33 },
                        "end": { "line": 26, "column": 60 }
                    }
                ],
                "line": 26
            },
            "4": {
                "loc": {
                    "start": { "line": 33, "column": 8 },
                    "end": { "line": 38, "column": 9 }
                },
                "type": "if",
                "locations": [
                    {
                        "start": { "line": 33, "column": 8 },
                        "end": { "line": 38, "column": 9 }
                    },
                    { "start": {}, "end": {} }
                ],
                "line": 33
            }
        },
        "s": {
            "0": 0,
            "1": 0,
            "2": 0,
            "3": 0,
            "4": 0,
            "5": 0,
            "6": 0,
            "7": 0,
            "8": 0,
            "9": 0,
            "10": 0,
            "11": 0,
            "12": 0,
            "13": 0,
            "14": 0
        },
        "f": { "0": 0 },
        "b": {
            "0": [0, 0],
            "1": [0, 0],
            "2": [0, 0],
            "3": [0, 0],
            "4": [0, 0]
        },
        "_coverageSchema": "1a1c01bbd47fc00a2c39e90264f33305004495a9",
        "hash": "63a407ed6febca2361df3d59538cfd2098f4586f"
    }
}
